docker :  Image saasbuilder-ai-backend Building 
At line:1 char:1
+ docker compose up --build --abort-on-container-exit 2>&1 | Out-File - ...
+ ~~~~~~~~~~~~~~~~~~~~~~~~~~~~~~~~~~~~~~~~~~~~~~~~~~~~~~~~
    + CategoryInfo          : NotSpecified: ( Image saasbuilder-ai-backend Bui 
   lding :String) [], RemoteException
    + FullyQualifiedErrorId : NativeCommandError
 
 Image saasbuilder-ai-frontend Building 
#1 [internal] load local bake definitions
#1 reading from stdin 1.06kB done
#1 DONE 0.0s

#2 [frontend internal] load build definition from Dockerfile
#2 transferring dockerfile: 325B 0.1s done
#2 DONE 0.1s

#3 [backend internal] load build definition from Dockerfile
#3 transferring dockerfile: 368B 0.1s done
#3 DONE 0.2s

#4 [backend internal] load metadata for docker.io/library/maven:3.9.9-eclipse-temurin-17
#4 DONE 1.7s

#5 [backend internal] load metadata for docker.io/library/eclipse-temurin:17-jre-jammy
#5 DONE 1.9s

#6 [frontend internal] load metadata for docker.io/library/nginx:1.27-alpine
#6 ...

#7 [frontend internal] load metadata for docker.io/library/node:20-alpine
#7 DONE 1.9s

#8 [backend internal] load .dockerignore
#8 transferring context: 2B 0.0s done
#8 DONE 0.0s

#9 [backend internal] load build context
#9 DONE 0.0s

#10 [backend stage-1 1/3] FROM docker.io/library/eclipse-temurin:17-jre-jammy@sha256:475d8e96b4b2bfe08999e5e854755c773af1581acdf959a4545d88f0696a2339
#10 resolve docker.io/library/eclipse-temurin:17-jre-jammy@sha256:475d8e96b4b2bfe08999e5e854755c773af1581acdf959a4545d88f0696a2339 0.1s done
#10 DONE 0.1s

#11 [backend build 1/4] FROM docker.io/library/maven:3.9.9-eclipse-temurin-17@sha256:f58d59b6273e785ac0a4477f6e9b5ba1d7731c75b906c0f7b34076f1851318cc
#11 resolve docker.io/library/maven:3.9.9-eclipse-temurin-17@sha256:f58d59b6273e785ac0a4477f6e9b5ba1d7731c75b906c0f7b34076f1851318cc 0.1s done
#11 DONE 0.1s

#9 [backend internal] load build context
#9 transferring context: 30.46kB 0.1s done
#9 DONE 0.1s

#12 [backend build 3/4] COPY . .
#12 CACHED

#13 [backend build 4/4] RUN chmod +x mvnw && ./mvnw -q -DskipTests package
#13 CACHED

#14 [backend stage-1 2/3] WORKDIR /app
#14 CACHED

#15 [backend build 2/4] WORKDIR /workspace
#15 CACHED

#16 [backend stage-1 3/3] COPY --from=build /workspace/target/*.jar app.jar
#16 CACHED

#17 [backend] exporting to image
#17 exporting layers 0.0s done
#17 exporting manifest sha256:7f860ab0a14099681e9f2f077e411163d327552a3982dc8dc07d0df8de10b0fe done
#17 exporting config sha256:71aa7582a44d2a22c7f25a98bdf40523850b31472c205dac041e40c9287079a3 done
#17 exporting attestation manifest sha256:9fa34aa1d3f850f10e002b0df051be54eb91faea1afbdf3e8ca92310b64f07fe 0.1s done
#17 exporting manifest list sha256:04d2a0598175e01131bcd739d0b7de3eb42ba9a7a775dfb53c14014b44b266f6
#17 exporting manifest list sha256:04d2a0598175e01131bcd739d0b7de3eb42ba9a7a775dfb53c14014b44b266f6 0.1s done
#17 naming to docker.io/library/saasbuilder-ai-backend:latest 0.0s done
#17 unpacking to docker.io/library/saasbuilder-ai-backend:latest 0.0s done
#17 DONE 0.4s

#6 [frontend internal] load metadata for docker.io/library/nginx:1.27-alpine
#6 DONE 3.2s

#18 [backend] resolving provenance for metadata file
#18 DONE 0.0s

#19 [frontend internal] load .dockerignore
#19 transferring context: 2B 0.0s done
#19 DONE 0.1s

#20 [frontend internal] load build context
#20 DONE 0.0s

#21 [frontend stage-1 1/3] FROM docker.io/library/nginx:1.27-alpine@sha256:65645c7bb6a0661892a8b03b89d0743208a18dd2f3f17a54ef4b76fb8e2f2a10
#21 resolve docker.io/library/nginx:1.27-alpine@sha256:65645c7bb6a0661892a8b03b89d0743208a18dd2f3f17a54ef4b76fb8e2f2a10
#21 ...

#22 [frontend build 1/6] FROM docker.io/library/node:20-alpine@sha256:fb4cd12c85ee03686f6af5362a0b0d56d50c58a04632e6c0fb8363f609372293
#22 resolve docker.io/library/node:20-alpine@sha256:fb4cd12c85ee03686f6af5362a0b0d56d50c58a04632e6c0fb8363f609372293 0.1s done
#22 DONE 0.1s

#21 [frontend stage-1 1/3] FROM docker.io/library/nginx:1.27-alpine@sha256:65645c7bb6a0661892a8b03b89d0743208a18dd2f3f17a54ef4b76fb8e2f2a10
#21 resolve docker.io/library/nginx:1.27-alpine@sha256:65645c7bb6a0661892a8b03b89d0743208a18dd2f3f17a54ef4b76fb8e2f2a10 0.1s done
#21 DONE 0.1s

#20 [frontend internal] load build context
#20 transferring context: 1.19MB 2.3s done
#20 DONE 2.3s

#23 [frontend build 2/6] WORKDIR /app
#23 CACHED

#24 [frontend build 4/6] RUN npm ci
#24 CACHED

#25 [frontend stage-1 2/3] COPY nginx.conf /etc/nginx/conf.d/default.conf
#25 CACHED

#26 [frontend build 3/6] COPY package*.json ./
#26 CACHED

#27 [frontend build 5/6] COPY . .
#27 CACHED

#28 [frontend build 6/6] RUN npm run build
#28 CACHED

#29 [frontend stage-1 3/3] COPY --from=build /app/dist /usr/share/nginx/html
#29 CACHED

#30 [frontend] exporting to image
#30 exporting layers done
#30 exporting manifest sha256:a6a10f3191a759cd1ee4c74f02d2e90d834faa0a7a20e195033bf7969960a273 done
#30 exporting config sha256:d23ba2e749dc376cfdc1bdb6832aabc9fd4b035382727a239de0ef8997d755de 0.0s done
#30 exporting attestation manifest sha256:7d2fb1808c580ddb9c96dcff713e5b431c7ce9f185769702fc8600200961c47b 0.1s done
#30 exporting manifest list sha256:fc83473e3717d941cbfc9629fb2ba400ccf764a1a9d97d16e2525e613a6b10a3
#30 exporting manifest list sha256:fc83473e3717d941cbfc9629fb2ba400ccf764a1a9d97d16e2525e613a6b10a3 0.0s done
#30 naming to docker.io/library/saasbuilder-ai-frontend:latest done
#30 unpacking to docker.io/library/saasbuilder-ai-frontend:latest 0.0s done
#30 DONE 0.3s

#31 [frontend] resolving provenance for metadata file
#31 DONE 0.0s
 Image saasbuilder-ai-backend Built 
 Image saasbuilder-ai-frontend Built 
 Container saasbuilder-ai-backend-1 Recreate 
 Container saasbuilder-ai-backend-1 Recreated 
 Container saasbuilder-ai-frontend-1 Recreate 
 Container saasbuilder-ai-frontend-1 Recreated 
Attaching to backend-1, frontend-1, postgres-1
 Container saasbuilder-ai-postgres-1 Starting 
 Container saasbuilder-ai-postgres-1 Started 
 Container saasbuilder-ai-postgres-1 Waiting 
postgres-1  | 
postgres-1  | PostgreSQL Database directory appears to contain a database; Skipping initialization
postgres-1  | 
postgres-1  | 2026-07-09 11:06:21.559 UTC [1] LOG:  starting PostgreSQL 16.14 
on x86_64-pc-linux-musl, compiled by gcc (Alpine 15.2.0) 15.2.0, 64-bit
postgres-1  | 2026-07-09 11:06:21.561 UTC [1] LOG:  listening on IPv4 address 
"0.0.0.0", port 5432
postgres-1  | 2026-07-09 11:06:21.561 UTC [1] LOG:  listening on IPv6 address 
"::", port 5432
postgres-1  | 2026-07-09 11:06:21.574 UTC [1] LOG:  listening on Unix socket 
"/var/run/postgresql/.s.PGSQL.5432"
postgres-1  | 2026-07-09 11:06:21.590 UTC [29] LOG:  database system was shut 
down at 2026-07-09 11:04:15 UTC
postgres-1  | 2026-07-09 11:06:21.611 UTC [1] LOG:  database system is ready 
to accept connections
 Container saasbuilder-ai-postgres-1 Healthy 
 Container saasbuilder-ai-backend-1 Starting 
 Container saasbuilder-ai-backend-1 Started 
 Container saasbuilder-ai-frontend-1 Starting 
frontend-1  | /docker-entrypoint.sh: /docker-entrypoint.d/ is not empty, will attempt to perform configuration
frontend-1  | /docker-entrypoint.sh: Looking for shell scripts in /docker-entrypoint.d/
frontend-1  | /docker-entrypoint.sh: Launching /docker-entrypoint.d/10-listen-on-ipv6-by-default.sh
frontend-1  | 10-listen-on-ipv6-by-default.sh: info: Getting the checksum of /etc/nginx/conf.d/default.conf
 Container saasbuilder-ai-frontend-1 Started 
frontend-1  | 10-listen-on-ipv6-by-default.sh: info: /etc/nginx/conf.d/default.conf differs from the packaged version
frontend-1  | /docker-entrypoint.sh: Sourcing /docker-entrypoint.d/15-local-resolvers.envsh
frontend-1  | /docker-entrypoint.sh: Launching /docker-entrypoint.d/20-envsubst-on-templates.sh
frontend-1  | /docker-entrypoint.sh: Launching /docker-entrypoint.d/30-tune-worker-processes.sh
frontend-1  | /docker-entrypoint.sh: Configuration complete; ready for start up
frontend-1  | 2026/07/09 11:06:33 [notice] 1#1: using the "epoll" event method
frontend-1  | 2026/07/09 11:06:33 [notice] 1#1: nginx/1.27.5
frontend-1  | 2026/07/09 11:06:33 [notice] 1#1: built by gcc 14.2.0 (Alpine 
14.2.0) 
frontend-1  | 2026/07/09 11:06:33 [notice] 1#1: OS: Linux 
6.18.33.2-microsoft-standard-WSL2
frontend-1  | 2026/07/09 11:06:33 [notice] 1#1: getrlimit(RLIMIT_NOFILE): 
1048576:1048576
frontend-1  | 2026/07/09 11:06:33 [notice] 1#1: start worker processes
frontend-1  | 2026/07/09 11:06:33 [notice] 1#1: start worker process 29
frontend-1  | 2026/07/09 11:06:33 [notice] 1#1: start worker process 30
frontend-1  | 2026/07/09 11:06:33 [notice] 1#1: start worker process 31
frontend-1  | 2026/07/09 11:06:33 [notice] 1#1: start worker process 32
backend-1   | 
backend-1   |   .   ____          _            __ _ _
backend-1   |  /\\ / ___'_ __ _ _(_)_ __  __ _ \ \ \ \
backend-1   | ( ( )\___ | '_ | '_| | '_ \/ _` | \ \ \ \
backend-1   |  \\/  ___)| |_)| | | | | || (_| |  ) ) ) )
backend-1   |   '  |____| .__|_| |_|_| |_\__, | / / / /
backend-1   |  =========|_|==============|___/=/_/_/_/
backend-1   | 
backend-1   |  :: Spring Boot ::               (v3.5.16)
backend-1   | 
backend-1   | 2026-07-09T11:06:39.486Z  INFO 7 --- [backend] [           main] com.yoonus.backend.BackendApplication    : Starting BackendApplication v0.0.1-SNAPSHOT using Java 17.0.19 with PID 7 (/app/app.jar started by root in /app)
backend-1   | 2026-07-09T11:06:39.505Z DEBUG 7 --- [backend] [           main] com.yoonus.backend.BackendApplication    : Running with Spring Boot v3.5.16, Spring v6.2.19
backend-1   | 2026-07-09T11:06:39.519Z  INFO 7 --- [backend] [           main] com.yoonus.backend.BackendApplication    : The following 1 profile is active: "dev"
backend-1   | 2026-07-09T11:06:45.072Z  INFO 7 --- [backend] [           main] .s.d.r.c.RepositoryConfigurationDelegate : Bootstrapping Spring Data JPA repositories in DEFAULT mode.
backend-1   | 2026-07-09T11:06:45.799Z  INFO 7 --- [backend] [           main] .s.d.r.c.RepositoryConfigurationDelegate : Finished Spring Data repository scanning in 686 ms. Found 13 JPA repository interfaces.
backend-1   | 2026-07-09T11:06:51.897Z  INFO 7 --- [backend] [           main] o.s.b.w.embedded.tomcat.TomcatWebServer  : Tomcat initialized with port 8080 (http)
backend-1   | 2026-07-09T11:06:52.004Z  INFO 7 --- [backend] [           main] o.apache.catalina.core.StandardService   : Starting service [Tomcat]
backend-1   | 2026-07-09T11:06:52.006Z  INFO 7 --- [backend] [           main] o.apache.catalina.core.StandardEngine    : Starting Servlet engine: [Apache Tomcat/10.1.55]
backend-1   | 2026-07-09T11:06:52.291Z  INFO 7 --- [backend] [           main] o.a.c.c.C.[Tomcat].[localhost].[/]       : Initializing Spring embedded WebApplicationContext
backend-1   | 2026-07-09T11:06:52.296Z  INFO 7 --- [backend] [           main] w.s.c.ServletWebServerApplicationContext : Root WebApplicationContext: initialization completed in 12495 ms
backend-1   | 2026-07-09T11:06:52.423Z ERROR 7 --- [backend] [           main] o.s.b.web.embedded.tomcat.TomcatStarter  : Error starting Tomcat context. Exception: org.springframework.beans.factory.UnsatisfiedDependencyException. Message: Error creating bean with name 'jwtAuthenticationFilter' defined in URL [jar:nested:/app/app.jar/!BOOT-INF/classes/!/com/yoonus/backend/security/JwtAuthenticationFilter.class]: Unsatisfied dependency expressed through constructor parameter 0: Error creating bean with name 'jwtUtil' defined in URL [jar:nested:/app/app.jar/!BOOT-INF/classes/!/com/yoonus/backend/security/JwtUtil.class]: Failed to instantiate [com.yoonus.backend.security.JwtUtil]: Constructor threw exception
backend-1   | 2026-07-09T11:06:52.675Z  INFO 7 --- [backend] [           main] o.apache.catalina.core.StandardService   : Stopping service [Tomcat]
backend-1   | 2026-07-09T11:06:52.742Z  WARN 7 --- [backend] [           main] ConfigServletWebServerApplicationContext : Exception encountered during context initialization - cancelling refresh attempt: org.springframework.context.ApplicationContextException: Unable to start web server
backend-1   | 2026-07-09T11:06:52.827Z  INFO 7 --- [backend] [           main] .s.b.a.l.ConditionEvaluationReportLogger : 
backend-1   | 
backend-1   | Error starting ApplicationContext. To display the condition evaluation report re-run your application with 'debug' enabled.
backend-1   | 2026-07-09T11:06:53.021Z ERROR 7 --- [backend] [           main] o.s.boot.SpringApplication               : Application run failed
backend-1   | 
backend-1   | org.springframework.context.ApplicationContextException: Unable to start web server
backend-1   | 	at org.springframework.boot.web.servlet.context.ServletWebServerApplicationContext.onRefresh(ServletWebServerApplicationContext.java:170) ~[spring-boot-3.5.16.jar!/:3.5.16]
backend-1   | 	at org.springframework.context.support.AbstractApplicationContext.refresh(AbstractApplicationContext.java:622) ~[spring-context-6.2.19.jar!/:6.2.19]
backend-1   | 	at org.springframework.boot.web.servlet.context.ServletWebServerApplicationContext.refresh(ServletWebServerApplicationContext.java:146) ~[spring-boot-3.5.16.jar!/:3.5.16]
backend-1   | 	at org.springframework.boot.SpringApplication.refresh(SpringApplication.java:752) ~[spring-boot-3.5.16.jar!/:3.5.16]
backend-1   | 	at org.springframework.boot.SpringApplication.refreshContext(SpringApplication.java:439) ~[spring-boot-3.5.16.jar!/:3.5.16]
backend-1   | 	at org.springframework.boot.SpringApplication.run(SpringApplication.java:318) ~[spring-boot-3.5.16.jar!/:3.5.16]
backend-1   | 	at org.springframework.boot.SpringApplication.run(SpringApplication.java:1361) ~[spring-boot-3.5.16.jar!/:3.5.16]
backend-1   | 	at org.springframework.boot.SpringApplication.run(SpringApplication.java:1350) ~[spring-boot-3.5.16.jar!/:3.5.16]
backend-1   | 	at com.yoonus.backend.BackendApplication.main(BackendApplication.java:10) ~[!/:0.0.1-SNAPSHOT]
backend-1   | 	at java.base/jdk.internal.reflect.NativeMethodAccessorImpl.invoke0(Native Method) ~[na:na]
backend-1   | 	at java.base/jdk.internal.reflect.NativeMethodAccessorImpl.invoke(Unknown Source) ~[na:na]
backend-1   | 	at java.base/jdk.internal.reflect.DelegatingMethodAccessorImpl.invoke(Unknown Source) ~[na:na]
backend-1   | 	at java.base/java.lang.reflect.Method.invoke(Unknown Source) ~[na:na]
backend-1   | 	at org.springframework.boot.loader.launch.Launcher.launch(Launcher.java:106) ~[app.jar:0.0.1-SNAPSHOT]
backend-1   | 	at org.springframework.boot.loader.launch.Launcher.launch(Launcher.java:64) ~[app.jar:0.0.1-SNAPSHOT]
backend-1   | 	at org.springframework.boot.loader.launch.JarLauncher.main(JarLauncher.java:40) ~[app.jar:0.0.1-SNAPSHOT]
backend-1   | Caused by: org.springframework.boot.web.server.WebServerException: Unable to start embedded Tomcat
backend-1   | 	at org.springframework.boot.web.embedded.tomcat.TomcatWebServer.initialize(TomcatWebServer.java:147) ~[spring-boot-3.5.16.jar!/:3.5.16]
backend-1   | 	at org.springframework.boot.web.embedded.tomcat.TomcatWebServer.<init>(TomcatWebServer.java:107) ~[spring-boot-3.5.16.jar!/:3.5.16]
backend-1   | 	at org.springframework.boot.web.embedded.tomcat.TomcatServletWebServerFactory.getTomcatWebServer(TomcatServletWebServerFactory.java:517) ~[spring-boot-3.5.16.jar!/:3.5.16]
backend-1   | 	at org.springframework.boot.web.embedded.tomcat.TomcatServletWebServerFactory.getWebServer(TomcatServletWebServerFactory.java:219) ~[spring-boot-3.5.16.jar!/:3.5.16]
backend-1   | 	at org.springframework.boot.web.servlet.context.ServletWebServerApplicationContext.createWebServer(ServletWebServerApplicationContext.java:193) ~[spring-boot-3.5.16.jar!/:3.5.16]
backend-1   | 	at org.springframework.boot.web.servlet.context.ServletWebServerApplicationContext.onRefresh(ServletWebServerApplicationContext.java:167) ~[spring-boot-3.5.16.jar!/:3.5.16]
backend-1   | 	... 15 common frames omitted
backend-1   | Caused by: org.springframework.beans.factory.UnsatisfiedDependencyException: Error creating bean with name 'jwtAuthenticationFilter' defined in URL [jar:nested:/app/app.jar/!BOOT-INF/classes/!/com/yoonus/backend/security/JwtAuthenticationFilter.class]: Unsatisfied dependency expressed through constructor parameter 0: Error creating bean with name 'jwtUtil' defined in URL [jar:nested:/app/app.jar/!BOOT-INF/classes/!/com/yoonus/backend/security/JwtUtil.class]: Failed to instantiate [com.yoonus.backend.security.JwtUtil]: Constructor threw exception
backend-1   | 	at org.springframework.beans.factory.support.ConstructorResolver.createArgumentArray(ConstructorResolver.java:804) ~[spring-beans-6.2.19.jar!/:6.2.19]
backend-1   | 	at org.springframework.beans.factory.support.ConstructorResolver.autowireConstructor(ConstructorResolver.java:240) ~[spring-beans-6.2.19.jar!/:6.2.19]
backend-1   | 	at org.springframework.beans.factory.support.AbstractAutowireCapableBeanFactory.autowireConstructor(AbstractAutowireCapableBeanFactory.java:1393) ~[spring-beans-6.2.19.jar!/:6.2.19]
backend-1   | 	at org.springframework.beans.factory.support.AbstractAutowireCapableBeanFactory.createBeanInstance(AbstractAutowireCapableBeanFactory.java:1230) ~[spring-beans-6.2.19.jar!/:6.2.19]
backend-1   | 	at org.springframework.beans.factory.support.AbstractAutowireCapableBeanFactory.doCreateBean(AbstractAutowireCapableBeanFactory.java:569) ~[spring-beans-6.2.19.jar!/:6.2.19]
backend-1   | 	at org.springframework.beans.factory.support.AbstractAutowireCapableBeanFactory.createBean(AbstractAutowireCapableBeanFactory.java:529) ~[spring-beans-6.2.19.jar!/:6.2.19]
backend-1   | 	at org.springframework.beans.factory.support.AbstractBeanFactory.lambda$doGetBean$0(AbstractBeanFactory.java:339) ~[spring-beans-6.2.19.jar!/:6.2.19]
backend-1   | 	at org.springframework.beans.factory.support.DefaultSingletonBeanRegistry.getSingleton(DefaultSingletonBeanRegistry.java:373) ~[spring-beans-6.2.19.jar!/:6.2.19]
backend-1   | 	at org.springframework.beans.factory.support.AbstractBeanFactory.doGetBean(AbstractBeanFactory.java:337) ~[spring-beans-6.2.19.jar!/:6.2.19]
backend-1   | 	at org.springframework.beans.factory.support.AbstractBeanFactory.getBean(AbstractBeanFactory.java:207) ~[spring-beans-6.2.19.jar!/:6.2.19]
backend-1   | 	at org.springframework.boot.web.servlet.ServletContextInitializerBeans.getOrderedBeansOfType(ServletContextInitializerBeans.java:230) ~[spring-boot-3.5.16.jar!/:3.5.16]
backend-1   | 	at org.springframework.boot.web.servlet.ServletContextInitializerBeans.addAsRegistrationBean(ServletContextInitializerBeans.java:184) ~[spring-boot-3.5.16.jar!/:3.5.16]
backend-1   | 	at org.springframework.boot.web.servlet.ServletContextInitializerBeans.addAsRegistrationBean(ServletContextInitializerBeans.java:179) ~[spring-boot-3.5.16.jar!/:3.5.16]
backend-1   | 	at org.springframework.boot.web.servlet.ServletContextInitializerBeans.addAdaptableBeans(ServletContextInitializerBeans.java:164) ~[spring-boot-3.5.16.jar!/:3.5.16]
backend-1   | 	at org.springframework.boot.web.servlet.ServletContextInitializerBeans.<init>(ServletContextInitializerBeans.java:96) ~[spring-boot-3.5.16.jar!/:3.5.16]
backend-1   | 	at org.springframework.boot.web.servlet.context.ServletWebServerApplicationContext.getServletContextInitializerBeans(ServletWebServerApplicationContext.java:271) ~[spring-boot-3.5.16.jar!/:3.5.16]
backend-1   | 	at org.springframework.boot.web.servlet.context.ServletWebServerApplicationContext.selfInitialize(ServletWebServerApplicationContext.java:245) ~[spring-boot-3.5.16.jar!/:3.5.16]
backend-1   | 	at org.springframework.boot.web.embedded.tomcat.TomcatStarter.onStartup(TomcatStarter.java:52) ~[spring-boot-3.5.16.jar!/:3.5.16]
backend-1   | 	at org.apache.catalina.core.StandardContext.startInternal(StandardContext.java:4456) ~[tomcat-embed-core-10.1.55.jar!/:na]
backend-1   | 	at org.apache.catalina.util.LifecycleBase.start(LifecycleBase.java:164) ~[tomcat-embed-core-10.1.55.jar!/:na]
backend-1   | 	at org.apache.catalina.core.ContainerBase$StartChild.call(ContainerBase.java:1201) ~[tomcat-embed-core-10.1.55.jar!/:na]
backend-1   | 	at org.apache.catalina.core.ContainerBase$StartChild.call(ContainerBase.java:1191) ~[tomcat-embed-core-10.1.55.jar!/:na]
backend-1   | 	at java.base/java.util.concurrent.FutureTask.run(Unknown Source) ~[na:na]
backend-1   | 	at org.apache.tomcat.util.threads.InlineExecutorService.execute(InlineExecutorService.java:81) ~[tomcat-embed-core-10.1.55.jar!/:na]
backend-1   | 	at java.base/java.util.concurrent.AbstractExecutorService.submit(Unknown Source) ~[na:na]
backend-1   | 	at org.apache.catalina.core.ContainerBase.startInternal(ContainerBase.java:747) ~[tomcat-embed-core-10.1.55.jar!/:na]
backend-1   | 	at org.apache.catalina.core.StandardHost.startInternal(StandardHost.java:783) ~[tomcat-embed-core-10.1.55.jar!/:na]
backend-1   | 	at org.apache.catalina.util.LifecycleBase.start(LifecycleBase.java:164) ~[tomcat-embed-core-10.1.55.jar!/:na]
backend-1   | 	at org.apache.catalina.core.ContainerBase$StartChild.call(ContainerBase.java:1201) ~[tomcat-embed-core-10.1.55.jar!/:na]
backend-1   | 	at org.apache.catalina.core.ContainerBase$StartChild.call(ContainerBase.java:1191) ~[tomcat-embed-core-10.1.55.jar!/:na]
backend-1   | 	at java.base/java.util.concurrent.FutureTask.run(Unknown Source) ~[na:na]
backend-1   | 	at org.apache.tomcat.util.threads.InlineExecutorService.execute(InlineExecutorService.java:81) ~[tomcat-embed-core-10.1.55.jar!/:na]
backend-1   | 	at java.base/java.util.concurrent.AbstractExecutorService.submit(Unknown Source) ~[na:na]
backend-1   | 	at org.apache.catalina.core.ContainerBase.startInternal(ContainerBase.java:747) ~[tomcat-embed-core-10.1.55.jar!/:na]
backend-1   | 	at org.apache.catalina.core.StandardEngine.startInternal(StandardEngine.java:201) ~[tomcat-embed-core-10.1.55.jar!/:na]
backend-1   | 	at org.apache.catalina.util.LifecycleBase.start(LifecycleBase.java:164) ~[tomcat-embed-core-10.1.55.jar!/:na]
backend-1   | 	at org.apache.catalina.core.StandardService.startInternal(StandardService.java:410) ~[tomcat-embed-core-10.1.55.jar!/:na]
backend-1   | 	at org.apache.catalina.util.LifecycleBase.start(LifecycleBase.java:164) ~[tomcat-embed-core-10.1.55.jar!/:na]
backend-1   | 	at org.apache.catalina.core.StandardServer.startInternal(StandardServer.java:868) ~[tomcat-embed-core-10.1.55.jar!/:na]
backend-1   | 	at org.apache.catalina.util.LifecycleBase.start(LifecycleBase.java:164) ~[tomcat-embed-core-10.1.55.jar!/:na]
backend-1   | 	at org.apache.catalina.startup.Tomcat.start(Tomcat.java:436) ~[tomcat-embed-core-10.1.55.jar!/:na]
backend-1   | 	at org.springframework.boot.web.embedded.tomcat.TomcatWebServer.initialize(TomcatWebServer.java:128) ~[spring-boot-3.5.16.jar!/:3.5.16]
backend-1   | 	... 20 common frames omitted
backend-1   | Caused by: org.springframework.beans.factory.BeanCreationException: Error creating bean with name 'jwtUtil' defined in URL [jar:nested:/app/app.jar/!BOOT-INF/classes/!/com/yoonus/backend/security/JwtUtil.class]: Failed to instantiate [com.yoonus.backend.security.JwtUtil]: Constructor threw exception
backend-1   | 	at org.springframework.beans.factory.support.ConstructorResolver.instantiate(ConstructorResolver.java:321) ~[spring-beans-6.2.19.jar!/:6.2.19]
backend-1   | 	at org.springframework.beans.factory.support.ConstructorResolver.autowireConstructor(ConstructorResolver.java:309) ~[spring-beans-6.2.19.jar!/:6.2.19]
backend-1   | 	at org.springframework.beans.factory.support.AbstractAutowireCapableBeanFactory.autowireConstructor(AbstractAutowireCapableBeanFactory.java:1393) ~[spring-beans-6.2.19.jar!/:6.2.19]
backend-1   | 	at org.springframework.beans.factory.support.AbstractAutowireCapableBeanFactory.createBeanInstance(AbstractAutowireCapableBeanFactory.java:1230) ~[spring-beans-6.2.19.jar!/:6.2.19]
backend-1   | 	at org.springframework.beans.factory.support.AbstractAutowireCapableBeanFactory.doCreateBean(AbstractAutowireCapableBeanFactory.java:569) ~[spring-beans-6.2.19.jar!/:6.2.19]
backend-1   | 	at org.springframework.beans.factory.support.AbstractAutowireCapableBeanFactory.createBean(AbstractAutowireCapableBeanFactory.java:529) ~[spring-beans-6.2.19.jar!/:6.2.19]
backend-1   | 	at org.springframework.beans.factory.support.AbstractBeanFactory.lambda$doGetBean$0(AbstractBeanFactory.java:339) ~[spring-beans-6.2.19.jar!/:6.2.19]
backend-1   | 	at org.springframework.beans.factory.support.DefaultSingletonBeanRegistry.getSingleton(DefaultSingletonBeanRegistry.java:373) ~[spring-beans-6.2.19.jar!/:6.2.19]
backend-1   | 	at org.springframework.beans.factory.support.AbstractBeanFactory.doGetBean(AbstractBeanFactory.java:337) ~[spring-beans-6.2.19.jar!/:6.2.19]
backend-1   | 	at org.springframework.beans.factory.support.AbstractBeanFactory.getBean(AbstractBeanFactory.java:202) ~[spring-beans-6.2.19.jar!/:6.2.19]
backend-1   | 	at org.springframework.beans.factory.support.DefaultListableBeanFactory.doResolveDependency(DefaultListableBeanFactory.java:1715) ~[spring-beans-6.2.19.jar!/:6.2.19]
backend-1   | 	at org.springframework.beans.factory.support.DefaultListableBeanFactory.resolveDependency(DefaultListableBeanFactory.java:1660) ~[spring-beans-6.2.19.jar!/:6.2.19]
backend-1   | 	at org.springframework.beans.factory.support.ConstructorResolver.resolveAutowiredArgument(ConstructorResolver.java:913) ~[spring-beans-6.2.19.jar!/:6.2.19]
backend-1   | 	at org.springframework.beans.factory.support.ConstructorResolver.createArgumentArray(ConstructorResolver.java:791) ~[spring-beans-6.2.19.jar!/:6.2.19]
backend-1   | 	... 61 common frames omitted
backend-1   | Caused by: org.springframework.beans.BeanInstantiationException: Failed to instantiate [com.yoonus.backend.security.JwtUtil]: Constructor threw exception
backend-1   | 	at org.springframework.beans.BeanUtils.instantiateClass(BeanUtils.java:223) ~[spring-beans-6.2.19.jar!/:6.2.19]
backend-1   | 	at org.springframework.beans.factory.support.SimpleInstantiationStrategy.instantiate(SimpleInstantiationStrategy.java:146) ~[spring-beans-6.2.19.jar!/:6.2.19]
backend-1   | 	at org.springframework.beans.factory.support.ConstructorResolver.instantiate(ConstructorResolver.java:318) ~[spring-beans-6.2.19.jar!/:6.2.19]
backend-1   | 	... 74 common frames omitted
backend-1   | Caused by: java.lang.IllegalArgumentException: Illegal base64 character 2d
backend-1   | 	at java.base/java.util.Base64$Decoder.decode0(Unknown Source) ~[na:na]
backend-1   | 	at java.base/java.util.Base64$Decoder.decode(Unknown Source) ~[na:na]
backend-1   | 	at java.base/java.util.Base64$Decoder.decode(Unknown Source) ~[na:na]
backend-1   | 	at com.yoonus.backend.security.JwtUtil.<init>(JwtUtil.java:35) ~[!/:0.0.1-SNAPSHOT]
backend-1   | 	at java.base/jdk.internal.reflect.NativeConstructorAccessorImpl.newInstance0(Native Method) ~[na:na]
backend-1   | 	at java.base/jdk.internal.reflect.NativeConstructorAccessorImpl.newInstance(Unknown Source) ~[na:na]
backend-1   | 	at java.base/jdk.internal.reflect.DelegatingConstructorAccessorImpl.newInstance(Unknown Source) ~[na:na]
backend-1   | 	at java.base/java.lang.reflect.Constructor.newInstanceWithCaller(Unknown Source) ~[na:na]
backend-1   | 	at java.base/java.lang.reflect.Constructor.newInstance(Unknown Source) ~[na:na]
backend-1   | 	at org.springframework.beans.BeanUtils.instantiateClass(BeanUtils.java:210) ~[spring-beans-6.2.19.jar!/:6.2.19]
backend-1   | 	... 76 common frames omitted
backend-1   | 

[Kbackend-1 exited with code 1
 Compose Stopping Aborting on container exit...
 Container saasbuilder-ai-frontend-1 Stopping 
frontend-1  | 2026/07/09 11:06:54 [notice] 1#1: signal 3 (SIGQUIT) received, 
shutting down
frontend-1  | 2026/07/09 11:06:54 [notice] 29#29: gracefully shutting down
frontend-1  | 2026/07/09 11:06:54 [notice] 29#29: exiting
frontend-1  | 2026/07/09 11:06:54 [notice] 32#32: gracefully shutting down
frontend-1  | 2026/07/09 11:06:54 [notice] 32#32: exiting
frontend-1  | 2026/07/09 11:06:54 [notice] 30#30: gracefully shutting down
frontend-1  | 2026/07/09 11:06:54 [notice] 30#30: exiting
frontend-1  | 2026/07/09 11:06:54 [notice] 32#32: exit
frontend-1  | 2026/07/09 11:06:54 [notice] 29#29: exit
frontend-1  | 2026/07/09 11:06:54 [notice] 30#30: exit
frontend-1  | 2026/07/09 11:06:54 [notice] 31#31: gracefully shutting down
frontend-1  | 2026/07/09 11:06:54 [notice] 31#31: exiting
frontend-1  | 2026/07/09 11:06:54 [notice] 31#31: exit
frontend-1  | 2026/07/09 11:06:54 [notice] 1#1: signal 17 (SIGCHLD) received 
from 31
frontend-1  | 2026/07/09 11:06:54 [notice] 1#1: worker process 30 exited with 
code 0
frontend-1  | 2026/07/09 11:06:54 [notice] 1#1: worker process 31 exited with 
code 0
frontend-1  | 2026/07/09 11:06:54 [notice] 1#1: signal 29 (SIGIO) received
frontend-1  | 2026/07/09 11:06:54 [notice] 1#1: signal 17 (SIGCHLD) received 
from 32
frontend-1  | 2026/07/09 11:06:54 [notice] 1#1: worker process 32 exited with 
code 0
frontend-1  | 2026/07/09 11:06:54 [notice] 1#1: signal 29 (SIGIO) received
frontend-1  | 2026/07/09 11:06:54 [notice] 1#1: signal 17 (SIGCHLD) received 
from 29
frontend-1  | 2026/07/09 11:06:54 [notice] 1#1: worker process 29 exited with 
code 0
frontend-1  | 2026/07/09 11:06:54 [notice] 1#1: exit
 Container saasbuilder-ai-frontend-1 Stopped 
 Container saasbuilder-ai-backend-1 Stopping 
 Container saasbuilder-ai-backend-1 Stopped 
 Container saasbuilder-ai-postgres-1 Stopping 

[Kfrontend-1 exited with code 0
postgres-1  | 2026-07-09 11:06:55.859 UTC [1] LOG:  received fast shutdown 
request
postgres-1  | 2026-07-09 11:06:55.892 UTC [1] LOG:  aborting any active 
transactions
postgres-1  | 2026-07-09 11:06:55.902 UTC [1] LOG:  background worker "logical 
replication launcher" (PID 32) exited with exit code 1
postgres-1  | 2026-07-09 11:06:55.903 UTC [27] LOG:  shutting down
postgres-1  | 2026-07-09 11:06:55.914 UTC [27] LOG:  checkpoint starting: 
shutdown immediate
postgres-1  | 2026-07-09 11:06:56.128 UTC [27] LOG:  checkpoint complete: 
wrote 3 buffers (0.0%); 0 WAL file(s) added, 0 removed, 0 recycled; 
write=0.021 s, sync=0.015 s, total=0.226 s; sync files=2, longest=0.009 s, 
average=0.008 s; distance=0 kB, estimate=0 kB; lsn=0/1958A28, redo 
lsn=0/1958A28
postgres-1  | 2026-07-09 11:06:56.146 UTC [1] LOG:  database system is shut 
down
 Container saasbuilder-ai-postgres-1 Stopped 

[Kpostgres-1 exited with code 0

